Drill report for kb-usb-to-coco.kicad_pcb
Created on 2024-11-17T15:10:23-0500

Copper Layer Stackup:
    =============================================================
    L1 :  F.Cu                      front
    L2 :  B.Cu                      back


Drill file 'kb-usb-to-coco-PTH.drl' contains
    plated through holes:
    =============================================================
    T1  0.300mm  0.0118"  (29 holes)
    T2  0.800mm  0.0315"  (42 holes)
    T3  1.000mm  0.0394"  (25 holes)
    T4  1.020mm  0.0402"  (43 holes)

    Total plated holes count 139


Drill file 'kb-usb-to-coco-NPTH.drl' contains
    unplated through holes:
    =============================================================
    T1  1.500mm  0.0591"  (2 holes)
    T2  1.800mm  0.0709"  (2 holes)

    Total unplated holes count 4
